<?xml version="1.0" encoding="UTF-8"?>
<coverage generated="1656380294193" clover="3.2.0">
  <project timestamp="1656380294193" name="All files">
    <metrics statements="53" coveredstatements="44" conditionals="54" coveredconditionals="29" methods="10" coveredmethods="10" elements="117" coveredelements="83" complexity="0" loc="53" ncloc="53" packages="1" files="1" classes="1"/>
    <file name="mongodb-log.service.ts" path="/mnt/d/Projects/nestjs-mongolog/src/mongodb-log.service.ts">
      <metrics statements="53" coveredstatements="44" conditionals="54" coveredconditionals="29" methods="10" coveredmethods="10"/>
      <line num="1" count="1" type="stmt"/>
      <line num="3" count="1" type="stmt"/>
      <line num="6" count="1" type="stmt"/>
      <line num="11" count="17" type="stmt"/>
      <line num="12" count="17" type="stmt"/>
      <line num="13" count="17" type="stmt"/>
      <line num="14" count="17" type="stmt"/>
      <line num="16" count="17" type="stmt"/>
      <line num="17" count="17" type="stmt"/>
      <line num="18" count="17" type="stmt"/>
      <line num="21" count="1" type="stmt"/>
      <line num="22" count="17" type="stmt"/>
      <line num="23" count="17" type="cond" truecount="2" falsecount="6"/>
      <line num="25" count="6" type="stmt"/>
      <line num="27" count="11" type="stmt"/>
      <line num="29" count="0" type="stmt"/>
      <line num="31" count="0" type="stmt"/>
      <line num="33" count="0" type="stmt"/>
      <line num="35" count="0" type="stmt"/>
      <line num="37" count="0" type="stmt"/>
      <line num="39" count="0" type="stmt"/>
      <line num="42" count="0" type="stmt"/>
      <line num="45" count="0" type="stmt"/>
      <line num="49" count="1" type="stmt"/>
      <line num="51" count="17" type="stmt"/>
      <line num="52" count="12" type="cond" truecount="4" falsecount="0"/>
      <line num="53" count="12" type="cond" truecount="0" falsecount="1"/>
      <line num="54" count="12" type="cond" truecount="5" falsecount="0"/>
      <line num="60" count="1" type="stmt"/>
      <line num="61" count="1" type="cond" truecount="0" falsecount="1"/>
      <line num="62" count="1" type="stmt"/>
      <line num="68" count="1" type="stmt"/>
      <line num="69" count="1" type="cond" truecount="0" falsecount="1"/>
      <line num="70" count="1" type="stmt"/>
      <line num="76" count="1" type="stmt"/>
      <line num="77" count="1" type="cond" truecount="0" falsecount="1"/>
      <line num="78" count="1" type="stmt"/>
      <line num="85" count="2" type="cond" truecount="0" falsecount="1"/>
      <line num="86" count="2" type="stmt"/>
      <line num="94" count="0" type="cond" truecount="0" falsecount="4"/>
      <line num="98" count="1" type="stmt"/>
      <line num="99" count="12" type="cond" truecount="3" falsecount="1"/>
      <line num="102" count="1" type="stmt"/>
      <line num="103" count="1" type="cond" truecount="3" falsecount="1"/>
      <line num="106" count="1" type="stmt"/>
      <line num="107" count="1" type="cond" truecount="3" falsecount="1"/>
      <line num="110" count="1" type="stmt"/>
      <line num="111" count="1" type="cond" truecount="3" falsecount="1"/>
      <line num="114" count="1" type="stmt"/>
      <line num="115" count="1" type="cond" truecount="3" falsecount="1"/>
      <line num="118" count="1" type="stmt"/>
      <line num="119" count="1" type="cond" truecount="3" falsecount="1"/>
      <line num="121" count="1" type="stmt"/>
    </file>
  </project>
</coverage>
