{"/mnt/d/Projects/nestjs-mongolog/src/mongodb-log.service.ts": {"path":"/mnt/d/Projects/nestjs-mongolog/src/mongodb-log.service.ts","statementMap":{"0":{"start":{"line":1,"column":0},"end":{"line":1,"column":44}},"1":{"start":{"line":3,"column":0},"end":{"line":3,"column":31}},"2":{"start":{"line":6,"column":0},"end":{"line":6,"column":13}},"3":{"start":{"line":11,"column":21},"end":{"line":11,"column":40}},"4":{"start":{"line":12,"column":21},"end":{"line":12,"column":41}},"5":{"start":{"line":13,"column":21},"end":{"line":13,"column":43}},"6":{"start":{"line":14,"column":21},"end":{"line":14,"column":44}},"7":{"start":{"line":16,"column":21},"end":{"line":16,"column":54}},"8":{"start":{"line":17,"column":4},"end":{"line":17,"column":65}},"9":{"start":{"line":18,"column":4},"end":{"line":18,"column":31}},"10":{"start":{"line":21,"column":10},"end":{"line":47,"column":null}},"11":{"start":{"line":22,"column":4},"end":{"line":46,"column":null}},"12":{"start":{"line":23,"column":6},"end":{"line":40,"column":null}},"13":{"start":{"line":25,"column":10},"end":{"line":25,"column":34}},"14":{"start":{"line":27,"column":10},"end":{"line":27,"column":49}},"15":{"start":{"line":29,"column":10},"end":{"line":29,"column":43}},"16":{"start":{"line":31,"column":10},"end":{"line":31,"column":43}},"17":{"start":{"line":33,"column":10},"end":{"line":33,"column":45}},"18":{"start":{"line":35,"column":10},"end":{"line":35,"column":45}},"19":{"start":{"line":37,"column":10},"end":{"line":37,"column":42}},"20":{"start":{"line":39,"column":10},"end":{"line":39,"column":43}},"21":{"start":{"line":42,"column":6},"end":{"line":44,"column":8}},"22":{"start":{"line":45,"column":6},"end":{"line":45,"column":55}},"23":{"start":{"line":49,"column":16},"end":{"line":96,"column":null}},"24":{"start":{"line":51,"column":14},"end":{"line":51,"column":null}},"25":{"start":{"line":52,"column":13},"end":{"line":52,"column":19}},"26":{"start":{"line":60,"column":13},"end":{"line":60,"column":22}},"27":{"start":{"line":68,"column":13},"end":{"line":68,"column":20}},"28":{"start":{"line":76,"column":13},"end":{"line":76,"column":20}},"29":{"start":{"line":53,"column":10},"end":{"line":53,"column":57}},"30":{"start":{"line":53,"column":34},"end":{"line":53,"column":57}},"31":{"start":{"line":54,"column":17},"end":{"line":59,"column":13}},"32":{"start":{"line":54,"column":10},"end":{"line":59,"column":13}},"33":{"start":{"line":61,"column":10},"end":{"line":61,"column":57}},"34":{"start":{"line":61,"column":34},"end":{"line":61,"column":57}},"35":{"start":{"line":62,"column":17},"end":{"line":67,"column":13}},"36":{"start":{"line":62,"column":10},"end":{"line":67,"column":13}},"37":{"start":{"line":69,"column":10},"end":{"line":69,"column":58}},"38":{"start":{"line":69,"column":34},"end":{"line":69,"column":58}},"39":{"start":{"line":70,"column":17},"end":{"line":75,"column":13}},"40":{"start":{"line":70,"column":10},"end":{"line":75,"column":13}},"41":{"start":{"line":77,"column":10},"end":{"line":77,"column":58}},"42":{"start":{"line":77,"column":34},"end":{"line":77,"column":58}},"43":{"start":{"line":78,"column":17},"end":{"line":83,"column":13}},"44":{"start":{"line":78,"column":10},"end":{"line":83,"column":13}},"45":{"start":{"line":85,"column":10},"end":{"line":85,"column":57}},"46":{"start":{"line":85,"column":34},"end":{"line":85,"column":57}},"47":{"start":{"line":86,"column":17},"end":{"line":91,"column":13}},"48":{"start":{"line":86,"column":10},"end":{"line":91,"column":13}},"49":{"start":{"line":94,"column":6},"end":{"line":94,"column":77}},"50":{"start":{"line":98,"column":8},"end":{"line":100,"column":null}},"51":{"start":{"line":99,"column":11},"end":{"line":99,"column":62}},"52":{"start":{"line":99,"column":4},"end":{"line":99,"column":62}},"53":{"start":{"line":102,"column":8},"end":{"line":104,"column":null}},"54":{"start":{"line":103,"column":11},"end":{"line":103,"column":63}},"55":{"start":{"line":103,"column":4},"end":{"line":103,"column":63}},"56":{"start":{"line":106,"column":8},"end":{"line":108,"column":null}},"57":{"start":{"line":107,"column":11},"end":{"line":107,"column":63}},"58":{"start":{"line":107,"column":4},"end":{"line":107,"column":63}},"59":{"start":{"line":110,"column":8},"end":{"line":112,"column":null}},"60":{"start":{"line":111,"column":11},"end":{"line":111,"column":65}},"61":{"start":{"line":111,"column":4},"end":{"line":111,"column":65}},"62":{"start":{"line":114,"column":8},"end":{"line":116,"column":null}},"63":{"start":{"line":115,"column":11},"end":{"line":115,"column":63}},"64":{"start":{"line":115,"column":4},"end":{"line":115,"column":63}},"65":{"start":{"line":118,"column":8},"end":{"line":120,"column":null}},"66":{"start":{"line":119,"column":11},"end":{"line":119,"column":63}},"67":{"start":{"line":119,"column":4},"end":{"line":119,"column":63}},"68":{"start":{"line":6,"column":13},"end":{"line":121,"column":null}},"69":{"start":{"line":121,"column":0},"end":{"line":121,"column":null}},"70":{"start":{"line":6,"column":13},"end":{"line":6,"column":30}}},"fnMap":{"0":{"name":"(anonymous_14)","decl":{"start":{"line":6,"column":0},"end":{"line":6,"column":13}},"loc":{"start":{"line":6,"column":0},"end":{"line":6,"column":13}}},"1":{"name":"MongodbLogService","decl":{"start":{"line":10,"column":2},"end":{"line":10,"column":null}},"loc":{"start":{"line":14,"column":44},"end":{"line":19,"column":3}}},"2":{"name":"(anonymous_16)","decl":{"start":{"line":21,"column":2},"end":{"line":21,"column":10}},"loc":{"start":{"line":21,"column":33},"end":{"line":47,"column":3}}},"3":{"name":"(anonymous_17)","decl":{"start":{"line":49,"column":2},"end":{"line":49,"column":16}},"loc":{"start":{"line":49,"column":64},"end":{"line":96,"column":null}}},"4":{"name":"(anonymous_20)","decl":{"start":{"line":98,"column":2},"end":{"line":98,"column":8}},"loc":{"start":{"line":98,"column":40},"end":{"line":100,"column":null}}},"5":{"name":"(anonymous_23)","decl":{"start":{"line":102,"column":2},"end":{"line":102,"column":8}},"loc":{"start":{"line":102,"column":41},"end":{"line":104,"column":null}}},"6":{"name":"(anonymous_26)","decl":{"start":{"line":106,"column":2},"end":{"line":106,"column":8}},"loc":{"start":{"line":106,"column":41},"end":{"line":108,"column":null}}},"7":{"name":"(anonymous_29)","decl":{"start":{"line":110,"column":2},"end":{"line":110,"column":8}},"loc":{"start":{"line":110,"column":40},"end":{"line":112,"column":null}}},"8":{"name":"(anonymous_32)","decl":{"start":{"line":114,"column":2},"end":{"line":114,"column":8}},"loc":{"start":{"line":114,"column":41},"end":{"line":116,"column":null}}},"9":{"name":"(anonymous_35)","decl":{"start":{"line":118,"column":2},"end":{"line":118,"column":8}},"loc":{"start":{"line":118,"column":41},"end":{"line":120,"column":null}}}},"branchMap":{"0":{"loc":{"start":{"line":23,"column":6},"end":{"line":40,"column":null}},"type":"switch","locations":[{"start":{"line":24,"column":8},"end":{"line":25,"column":34}},{"start":{"line":26,"column":8},"end":{"line":27,"column":49}},{"start":{"line":28,"column":8},"end":{"line":29,"column":43}},{"start":{"line":30,"column":8},"end":{"line":31,"column":43}},{"start":{"line":32,"column":8},"end":{"line":33,"column":45}},{"start":{"line":34,"column":8},"end":{"line":35,"column":45}},{"start":{"line":36,"column":8},"end":{"line":37,"column":42}},{"start":{"line":38,"column":8},"end":{"line":39,"column":43}}]},"1":{"loc":{"start":{"line":43,"column":57},"end":{"line":43,"column":71}},"type":"cond-expr","locations":[{"start":{"line":43,"column":62},"end":{"line":43,"column":64}},{"start":{"line":43,"column":57},"end":{"line":43,"column":71}}]},"2":{"loc":{"start":{"line":43,"column":57},"end":{"line":43,"column":64}},"type":"binary-expr","locations":[{"start":{"line":43,"column":57},"end":{"line":43,"column":64}},{"start":{"line":43,"column":57},"end":{"line":43,"column":64}}]},"3":{"loc":{"start":{"line":54,"column":10},"end":{"line":59,"column":13}},"type":"switch","locations":[{"start":{"line":54,"column":10},"end":{"line":59,"column":13}},{"start":{"line":62,"column":10},"end":{"line":67,"column":13}},{"start":{"line":70,"column":10},"end":{"line":75,"column":13}},{"start":{"line":78,"column":10},"end":{"line":83,"column":13}},{"start":{"line":86,"column":10},"end":{"line":91,"column":13}}]},"4":{"loc":{"start":{"line":52,"column":13},"end":{"line":52,"column":19}},"type":"switch","locations":[{"start":{"line":52,"column":13},"end":{"line":52,"column":19}},{"start":{"line":60,"column":13},"end":{"line":60,"column":22}},{"start":{"line":68,"column":13},"end":{"line":68,"column":20}},{"start":{"line":76,"column":13},"end":{"line":76,"column":20}}]},"5":{"loc":{"start":{"line":53,"column":10},"end":{"line":53,"column":57}},"type":"if","locations":[{"start":{"line":53,"column":10},"end":{"line":53,"column":57}}]},"6":{"loc":{"start":{"line":61,"column":10},"end":{"line":61,"column":57}},"type":"if","locations":[{"start":{"line":61,"column":10},"end":{"line":61,"column":57}}]},"7":{"loc":{"start":{"line":69,"column":10},"end":{"line":69,"column":58}},"type":"if","locations":[{"start":{"line":69,"column":10},"end":{"line":69,"column":58}}]},"8":{"loc":{"start":{"line":77,"column":10},"end":{"line":77,"column":58}},"type":"if","locations":[{"start":{"line":77,"column":10},"end":{"line":77,"column":58}}]},"9":{"loc":{"start":{"line":85,"column":10},"end":{"line":85,"column":57}},"type":"if","locations":[{"start":{"line":85,"column":10},"end":{"line":85,"column":57}}]},"10":{"loc":{"start":{"line":94,"column":59},"end":{"line":94,"column":73}},"type":"cond-expr","locations":[{"start":{"line":94,"column":64},"end":{"line":94,"column":66}},{"start":{"line":94,"column":59},"end":{"line":94,"column":73}}]},"11":{"loc":{"start":{"line":94,"column":59},"end":{"line":94,"column":66}},"type":"binary-expr","locations":[{"start":{"line":94,"column":59},"end":{"line":94,"column":66}},{"start":{"line":94,"column":59},"end":{"line":94,"column":66}}]},"12":{"loc":{"start":{"line":99,"column":11},"end":{"line":99,"column":62}},"type":"switch","locations":[{"start":{"line":99,"column":11},"end":{"line":99,"column":62}},{"start":{"line":99,"column":4},"end":{"line":99,"column":62}}]},"13":{"loc":{"start":{"line":99,"column":40},"end":{"line":99,"column":60}},"type":"binary-expr","locations":[{"start":{"line":99,"column":40},"end":{"line":99,"column":47}},{"start":{"line":99,"column":51},"end":{"line":99,"column":60}}]},"14":{"loc":{"start":{"line":103,"column":11},"end":{"line":103,"column":63}},"type":"switch","locations":[{"start":{"line":103,"column":11},"end":{"line":103,"column":63}},{"start":{"line":103,"column":4},"end":{"line":103,"column":63}}]},"15":{"loc":{"start":{"line":103,"column":41},"end":{"line":103,"column":61}},"type":"binary-expr","locations":[{"start":{"line":103,"column":41},"end":{"line":103,"column":48}},{"start":{"line":103,"column":52},"end":{"line":103,"column":61}}]},"16":{"loc":{"start":{"line":107,"column":11},"end":{"line":107,"column":63}},"type":"switch","locations":[{"start":{"line":107,"column":11},"end":{"line":107,"column":63}},{"start":{"line":107,"column":4},"end":{"line":107,"column":63}}]},"17":{"loc":{"start":{"line":107,"column":41},"end":{"line":107,"column":61}},"type":"binary-expr","locations":[{"start":{"line":107,"column":41},"end":{"line":107,"column":48}},{"start":{"line":107,"column":52},"end":{"line":107,"column":61}}]},"18":{"loc":{"start":{"line":111,"column":11},"end":{"line":111,"column":65}},"type":"switch","locations":[{"start":{"line":111,"column":11},"end":{"line":111,"column":65}},{"start":{"line":111,"column":4},"end":{"line":111,"column":65}}]},"19":{"loc":{"start":{"line":111,"column":43},"end":{"line":111,"column":63}},"type":"binary-expr","locations":[{"start":{"line":111,"column":43},"end":{"line":111,"column":50}},{"start":{"line":111,"column":54},"end":{"line":111,"column":63}}]},"20":{"loc":{"start":{"line":115,"column":11},"end":{"line":115,"column":63}},"type":"switch","locations":[{"start":{"line":115,"column":11},"end":{"line":115,"column":63}},{"start":{"line":115,"column":4},"end":{"line":115,"column":63}}]},"21":{"loc":{"start":{"line":115,"column":41},"end":{"line":115,"column":61}},"type":"binary-expr","locations":[{"start":{"line":115,"column":41},"end":{"line":115,"column":48}},{"start":{"line":115,"column":52},"end":{"line":115,"column":61}}]},"22":{"loc":{"start":{"line":119,"column":11},"end":{"line":119,"column":63}},"type":"switch","locations":[{"start":{"line":119,"column":11},"end":{"line":119,"column":63}},{"start":{"line":119,"column":4},"end":{"line":119,"column":63}}]},"23":{"loc":{"start":{"line":119,"column":41},"end":{"line":119,"column":61}},"type":"binary-expr","locations":[{"start":{"line":119,"column":41},"end":{"line":119,"column":48}},{"start":{"line":119,"column":52},"end":{"line":119,"column":61}}]}},"s":{"0":1,"1":1,"2":1,"3":17,"4":17,"5":17,"6":17,"7":17,"8":17,"9":17,"10":1,"11":17,"12":17,"13":6,"14":11,"15":0,"16":0,"17":0,"18":0,"19":0,"20":0,"21":0,"22":0,"23":1,"24":17,"25":12,"26":1,"27":1,"28":1,"29":12,"30":0,"31":12,"32":12,"33":1,"34":0,"35":1,"36":1,"37":1,"38":0,"39":1,"40":1,"41":1,"42":0,"43":1,"44":1,"45":2,"46":0,"47":2,"48":2,"49":0,"50":1,"51":12,"52":12,"53":1,"54":1,"55":1,"56":1,"57":1,"58":1,"59":1,"60":1,"61":1,"62":1,"63":1,"64":1,"65":1,"66":1,"67":1,"68":1,"69":1,"70":1},"f":{"0":1,"1":17,"2":17,"3":17,"4":12,"5":1,"6":1,"7":1,"8":1,"9":1},"b":{"0":[6,11,0,0,0,0,0,0],"1":[0,0],"2":[0,0],"3":[12,1,1,1,2],"4":[12,1,1,1],"5":[0],"6":[0],"7":[0],"8":[0],"9":[0],"10":[0,0],"11":[0,0],"12":[12,12],"13":[12,0],"14":[1,1],"15":[1,0],"16":[1,1],"17":[1,0],"18":[1,1],"19":[1,0],"20":[1,1],"21":[1,0],"22":[1,1],"23":[1,0]}}
}
