TN:
SF:src/mongodb-log.service.ts
FN:6,(anonymous_14)
FN:10,MongodbLogService
FN:21,(anonymous_16)
FN:49,(anonymous_17)
FN:98,(anonymous_20)
FN:102,(anonymous_23)
FN:106,(anonymous_26)
FN:110,(anonymous_29)
FN:114,(anonymous_32)
FN:118,(anonymous_35)
FNF:10
FNH:10
FNDA:1,(anonymous_14)
FNDA:17,MongodbLogService
FNDA:17,(anonymous_16)
FNDA:17,(anonymous_17)
FNDA:12,(anonymous_20)
FNDA:1,(anonymous_23)
FNDA:1,(anonymous_26)
FNDA:1,(anonymous_29)
FNDA:1,(anonymous_32)
FNDA:1,(anonymous_35)
DA:1,1
DA:3,1
DA:6,1
DA:11,17
DA:12,17
DA:13,17
DA:14,17
DA:16,17
DA:17,17
DA:18,17
DA:21,1
DA:22,17
DA:23,17
DA:25,6
DA:27,11
DA:29,0
DA:31,0
DA:33,0
DA:35,0
DA:37,0
DA:39,0
DA:42,0
DA:45,0
DA:49,1
DA:51,17
DA:52,12
DA:53,12
DA:54,12
DA:60,1
DA:61,1
DA:62,1
DA:68,1
DA:69,1
DA:70,1
DA:76,1
DA:77,1
DA:78,1
DA:85,2
DA:86,2
DA:94,0
DA:98,1
DA:99,12
DA:102,1
DA:103,1
DA:106,1
DA:107,1
DA:110,1
DA:111,1
DA:114,1
DA:115,1
DA:118,1
DA:119,1
DA:121,1
LF:53
LH:44
BRDA:23,0,0,6
BRDA:23,0,1,11
BRDA:23,0,2,0
BRDA:23,0,3,0
BRDA:23,0,4,0
BRDA:23,0,5,0
BRDA:23,0,6,0
BRDA:23,0,7,0
BRDA:43,1,0,0
BRDA:43,1,1,0
BRDA:43,2,0,0
BRDA:43,2,1,0
BRDA:54,3,0,12
BRDA:54,3,1,1
BRDA:54,3,2,1
BRDA:54,3,3,1
BRDA:54,3,4,2
BRDA:52,4,0,12
BRDA:52,4,1,1
BRDA:52,4,2,1
BRDA:52,4,3,1
BRDA:53,5,0,0
BRDA:61,6,0,0
BRDA:69,7,0,0
BRDA:77,8,0,0
BRDA:85,9,0,0
BRDA:94,10,0,0
BRDA:94,10,1,0
BRDA:94,11,0,0
BRDA:94,11,1,0
BRDA:99,12,0,12
BRDA:99,12,1,12
BRDA:99,13,0,12
BRDA:99,13,1,0
BRDA:103,14,0,1
BRDA:103,14,1,1
BRDA:103,15,0,1
BRDA:103,15,1,0
BRDA:107,16,0,1
BRDA:107,16,1,1
BRDA:107,17,0,1
BRDA:107,17,1,0
BRDA:111,18,0,1
BRDA:111,18,1,1
BRDA:111,19,0,1
BRDA:111,19,1,0
BRDA:115,20,0,1
BRDA:115,20,1,1
BRDA:115,21,0,1
BRDA:115,21,1,0
BRDA:119,22,0,1
BRDA:119,22,1,1
BRDA:119,23,0,1
BRDA:119,23,1,0
BRF:54
BRH:29
end_of_record
